  pat.cpp
d:\programs\pat\pat-b\pat\pat.cpp(61): error C2059: 语法错误:“)”
d:\programs\pat\pat-b\pat\pat.cpp(62): error C2143: 语法错误: 缺少“;”(在“{”的前面)
